<?xml version="1.0" encoding="UTF-8"?>
<!-- Generated by org.testng.reporters.JUnitXMLReporter -->
<testsuite ignored="6" hostname="LAPTOP-2L4TB7K4" failures="0" tests="21" name="Test" time="288.462" errors="0" timestamp="2022-07-23T21:05:18 IST">
  <testcase classname="TestCases.LoginTest" name="Login" time="2.826"/>
  <testcase classname="TestCases.LoginTest" name="invalidlogin" time="0.935"/>
  <testcase classname="TestCases.LoginTest" name="invalidlogin" time="1.507"/>
  <testcase classname="TestCases.LoginTest" name="invalidlogin2" time="0.925"/>
  <testcase classname="TestCases.LoginTest" name="invalidlogin3" time="1.536"/>
  <testcase classname="TestCases.LoginTest" name="invalidloginblank" time="0.692"/>
  <testcase classname="TestCases.LoginTest" name="invalidloginblankuser" time="0.867"/>
  <testcase classname="TestCases.LoginTest" name="invalidloginblankpass" time="0.893"/>
  <testcase classname="TestCases.LoginTest" name="resetlink" time="0.686"/>
  <testcase classname="TestCases.HomeTest" name="deductionclick" time="2.699"/>
  <testcase classname="TestCases.HomeTest" name="logout" time="2.706"/>
  <testcase classname="TestCases.DeductionTest" name="clickPencil" time="4.666"/>
  <testcase classname="TestCases.DeductionTest" name="clickeye" time="3.538"/>
  <testcase classname="TestCases.DeductionTest" name="create_deduction" time="6.193"/>
  <testcase classname="TestCases.DeductionTest" name="create_deduction_blank" time="5.114"/>
  <testcase classname="TestCases.TimesheetTest" name="clickPending" time="3.55"/>
  <testcase classname="TestCases.TimesheetTest" name="eyeclick" time="3.148"/>
  <testcase classname="TestCases.TimesheetTest" name="geninvoice" time="2.727"/>
  <testcase classname="TestCases.TimesheetTest" name="genpayslip" time="2.765"/>
  <testcase classname="TestCases.TimesheetTest" name="pencilclick" time="4.079"/>
  <testcase classname="TestCases.TimesheetTest" name="tsascend" time="3.31"/>
  <testcase classname="com.payroll.BaseClass.BaseClass" name="@BeforeSuite loadConfig" time="0.0">
    <ignored/>
  </testcase> <!-- @BeforeSuite loadConfig -->
  <testcase classname="com.payroll.BaseClass.BaseClass" name="@BeforeSuite loadConfig" time="0.0">
    <ignored/>
  </testcase> <!-- @BeforeSuite loadConfig -->
  <testcase classname="com.payroll.BaseClass.BaseClass" name="@AfterSuite EndGame" time="0.0">
    <ignored/>
  </testcase> <!-- @AfterSuite EndGame -->
  <testcase classname="com.payroll.BaseClass.BaseClass" name="@AfterSuite EndGame" time="0.0">
    <ignored/>
  </testcase> <!-- @AfterSuite EndGame -->
  <testcase classname="com.payroll.BaseClass.BaseClass" name="@BeforeSuite loadConfig" time="0.0">
    <ignored/>
  </testcase> <!-- @BeforeSuite loadConfig -->
  <testcase classname="com.payroll.BaseClass.BaseClass" name="@AfterSuite EndGame" time="0.0">
    <ignored/>
  </testcase> <!-- @AfterSuite EndGame -->
</testsuite> <!-- Test -->
