<?xml version="1.0" encoding="UTF-8"?>
<!-- Generated by org.testng.reporters.JUnitXMLReporter -->
<testsuite ignored="7" hostname="LAPTOP-2L4TB7K4" failures="1" tests="1" name="Test" time="0.061" errors="0" timestamp="2022-07-19T17:53:17 IST">
  <testcase classname="TestCases.LoginTest" name="resetlink" time="0.03">
    <failure type="java.lang.NullPointerException" message="Cannot invoke &amp;quot;org.openqa.selenium.SearchContext.findElement(org.openqa.selenium.By)&amp;quot; because &amp;quot;this.searchContext&amp;quot; is null">
      <![CDATA[java.lang.NullPointerException: Cannot invoke "org.openqa.selenium.SearchContext.findElement(org.openqa.selenium.By)" because "this.searchContext" is null
at org.openqa.selenium.support.pagefactory.DefaultElementLocator.findElement(DefaultElementLocator.java:70)
at org.openqa.selenium.support.pagefactory.internal.LocatingElementHandler.invoke(LocatingElementHandler.java:39)
at jdk.proxy2/jdk.proxy2.$Proxy12.click(Unknown Source)
at TestCases.LoginTest.resetlink(LoginTest.java:166)
at java.base/java.util.ArrayList.forEach(ArrayList.java:1511)
... Removed 25 stack frames]]>
    </failure>
  </testcase> <!-- resetlink -->
  <testcase classname="TestCases.LoginTest" name="invalidloginblank" time="0.0">
    <ignored/>
  </testcase> <!-- invalidloginblank -->
  <testcase classname="TestCases.LoginTest" name="invalidlogin2" time="0.0">
    <ignored/>
  </testcase> <!-- invalidlogin2 -->
  <testcase classname="TestCases.LoginTest" name="invalidlogin3" time="0.0">
    <ignored/>
  </testcase> <!-- invalidlogin3 -->
  <testcase classname="TestCases.LoginTest" name="Login" time="0.0">
    <ignored/>
  </testcase> <!-- Login -->
  <testcase classname="TestCases.LoginTest" name="invalidlogin" time="0.0">
    <ignored/>
  </testcase> <!-- invalidlogin -->
  <testcase classname="TestCases.LoginTest" name="invalidloginblankuser" time="0.0">
    <ignored/>
  </testcase> <!-- invalidloginblankuser -->
  <testcase classname="TestCases.LoginTest" name="invalidloginblankpass" time="0.0">
    <ignored/>
  </testcase> <!-- invalidloginblankpass -->
</testsuite> <!-- Test -->
