<?xml version="1.0" encoding="UTF-8"?>
<!-- Generated by org.testng.reporters.JUnitXMLReporter -->
<testsuite ignored="5" hostname="LAPTOP-2L4TB7K4" failures="0" tests="3" name="Test" time="52.531" errors="0" timestamp="2022-07-20T14:00:39 IST">
  <testcase classname="TestCases.LoginTest" name="invalidlogin" time="5.514"/>
  <testcase classname="TestCases.LoginTest" name="invalidlogin2" time="5.463"/>
  <testcase classname="TestCases.LoginTest" name="invalidloginblankpass" time="5.316"/>
  <testcase classname="TestCases.LoginTest" name="invalidloginblank" time="0.0">
    <ignored/>
  </testcase> <!-- invalidloginblank -->
  <testcase classname="TestCases.LoginTest" name="resetlink" time="0.0">
    <ignored/>
  </testcase> <!-- resetlink -->
  <testcase classname="TestCases.LoginTest" name="Login" time="0.0">
    <ignored/>
  </testcase> <!-- Login -->
  <testcase classname="TestCases.LoginTest" name="invalidloginblankuser" time="0.0">
    <ignored/>
  </testcase> <!-- invalidloginblankuser -->
  <testcase classname="TestCases.LoginTest" name="invalidlogin3" time="0.0">
    <ignored/>
  </testcase> <!-- invalidlogin3 -->
</testsuite> <!-- Test -->
