<?xml version="1.0" encoding="UTF-8"?>
<!-- Generated by org.testng.reporters.JUnitXMLReporter -->
<testsuite ignored="0" hostname="LAPTOP-2L4TB7K4" failures="0" tests="3" name="ExcecutingInChrome" time="40.574" errors="0" timestamp="2022-07-22T11:24:35 IST">
  <testcase classname="TestCases.LoginTest" name="Login" time="2.24"/>
  <testcase classname="TestCases.LoginTest" name="invalidlogin" time="0.856"/>
  <testcase classname="TestCases.LoginTest" name="invalidlogin" time="1.43"/>
</testsuite> <!-- ExcecutingInChrome -->
