<?xml version="1.0" encoding="UTF-8"?>
<testng-results ignored="6" total="27" passed="21" failed="0" skipped="0">
  <reporter-output>
  </reporter-output>
  <suite started-at="2022-07-23T21:00:30 IST" name="Suite" finished-at="2022-07-23T21:05:18 IST" duration-ms="288462">
    <groups>
      <group name="SMK">
        <method signature="LoginTest.Login()[pri:-1, instance:TestCases.LoginTest@1fa268de]" name="Login" class="TestCases.LoginTest"/>
        <method signature="LoginTest.invalidlogin(java.lang.String,java.lang.String)[pri:1, instance:TestCases.LoginTest@1fa268de]" name="invalidlogin" class="TestCases.LoginTest"/>
        <method signature="LoginTest.invalidlogin2(java.lang.String,java.lang.String)[pri:2, instance:TestCases.LoginTest@1fa268de]" name="invalidlogin2" class="TestCases.LoginTest"/>
        <method signature="LoginTest.invalidloginblankpass()[pri:6, instance:TestCases.LoginTest@1fa268de]" name="invalidloginblankpass" class="TestCases.LoginTest"/>
      </group> <!-- SMK -->
      <group name="REG">
        <method signature="LoginTest.invalidlogin3()[pri:3, instance:TestCases.LoginTest@1fa268de]" name="invalidlogin3" class="TestCases.LoginTest"/>
        <method signature="LoginTest.invalidloginblank()[pri:4, instance:TestCases.LoginTest@1fa268de]" name="invalidloginblank" class="TestCases.LoginTest"/>
        <method signature="LoginTest.invalidloginblankuser()[pri:5, instance:TestCases.LoginTest@1fa268de]" name="invalidloginblankuser" class="TestCases.LoginTest"/>
      </group> <!-- REG -->
      <group name="SNT">
        <method signature="LoginTest.resetlink()[pri:7, instance:TestCases.LoginTest@1fa268de]" name="resetlink" class="TestCases.LoginTest"/>
      </group> <!-- SNT -->
    </groups>
    <test started-at="2022-07-23T21:00:30 IST" name="Test" finished-at="2022-07-23T21:05:18 IST" duration-ms="288462">
      <class name="TestCases.LoginTest">
        <test-method is-config="true" signature="loadConfig()[pri:0, instance:TestCases.LoginTest@1fa268de]" started-at="2022-07-23T21:00:30 IST" name="loadConfig" finished-at="2022-07-23T21:00:30 IST" duration-ms="213" status="PASS">
          <reporter-output>
          </reporter-output>
        </test-method> <!-- loadConfig -->
        <test-method is-config="true" signature="firstCall()[pri:0, instance:TestCases.LoginTest@1fa268de]" started-at="2022-07-23T21:00:30 IST" name="firstCall" finished-at="2022-07-23T21:00:43 IST" duration-ms="13078" status="PASS">
          <reporter-output>
          </reporter-output>
        </test-method> <!-- firstCall -->
        <test-method is-config="true" signature="pageObjects()[pri:0, instance:TestCases.LoginTest@1fa268de]" started-at="2022-07-23T21:00:43 IST" name="pageObjects" finished-at="2022-07-23T21:00:43 IST" duration-ms="4" status="PASS">
          <reporter-output>
          </reporter-output>
        </test-method> <!-- pageObjects -->
        <test-method signature="Login()[pri:-1, instance:TestCases.LoginTest@1fa268de]" started-at="2022-07-23T21:00:43 IST" name="Login" finished-at="2022-07-23T21:00:46 IST" duration-ms="2826" status="PASS">
          <reporter-output>
          </reporter-output>
        </test-method> <!-- Login -->
        <test-method is-config="true" signature="endbrowser()[pri:0, instance:TestCases.LoginTest@1fa268de]" started-at="2022-07-23T21:00:46 IST" name="endbrowser" finished-at="2022-07-23T21:00:46 IST" duration-ms="55" status="PASS">
          <reporter-output>
          </reporter-output>
        </test-method> <!-- endbrowser -->
        <test-method is-config="true" signature="firstCall()[pri:0, instance:TestCases.LoginTest@1fa268de]" started-at="2022-07-23T21:00:46 IST" name="firstCall" finished-at="2022-07-23T21:00:57 IST" duration-ms="11004" status="PASS">
          <reporter-output>
          </reporter-output>
        </test-method> <!-- firstCall -->
        <test-method signature="invalidlogin(java.lang.String,java.lang.String)[pri:1, instance:TestCases.LoginTest@1fa268de]" started-at="2022-07-23T21:00:57 IST" name="invalidlogin" data-provider="getlogin" finished-at="2022-07-23T21:00:58 IST" duration-ms="935" status="PASS">
          <params>
            <param index="0">
              <value>
                <![CDATA[carol123]]>
              </value>
            </param>
            <param index="1">
              <value>
                <![CDATA[123]]>
              </value>
            </param>
          </params>
          <reporter-output>
          </reporter-output>
        </test-method> <!-- invalidlogin -->
        <test-method is-config="true" signature="pageObjects()[pri:0, instance:TestCases.LoginTest@1fa268de]" started-at="2022-07-23T21:00:57 IST" name="pageObjects" finished-at="2022-07-23T21:00:57 IST" duration-ms="0" status="PASS">
          <reporter-output>
          </reporter-output>
        </test-method> <!-- pageObjects -->
        <test-method is-config="true" signature="endbrowser()[pri:0, instance:TestCases.LoginTest@1fa268de]" started-at="2022-07-23T21:00:58 IST" name="endbrowser" finished-at="2022-07-23T21:00:58 IST" duration-ms="54" status="PASS">
          <reporter-output>
          </reporter-output>
        </test-method> <!-- endbrowser -->
        <test-method is-config="true" signature="firstCall()[pri:0, instance:TestCases.LoginTest@1fa268de]" started-at="2022-07-23T21:00:58 IST" name="firstCall" finished-at="2022-07-23T21:01:09 IST" duration-ms="11318" status="PASS">
          <reporter-output>
          </reporter-output>
        </test-method> <!-- firstCall -->
        <test-method is-config="true" signature="pageObjects()[pri:0, instance:TestCases.LoginTest@1fa268de]" started-at="2022-07-23T21:01:09 IST" name="pageObjects" finished-at="2022-07-23T21:01:09 IST" duration-ms="0" status="PASS">
          <reporter-output>
          </reporter-output>
        </test-method> <!-- pageObjects -->
        <test-method signature="invalidlogin(java.lang.String,java.lang.String)[pri:1, instance:TestCases.LoginTest@1fa268de]" started-at="2022-07-23T21:01:09 IST" name="invalidlogin" data-provider="getlogin" finished-at="2022-07-23T21:01:11 IST" duration-ms="1507" status="PASS">
          <params>
            <param index="0">
              <value>
                <![CDATA[carol]]>
              </value>
            </param>
            <param index="1">
              <value>
                <![CDATA[1q2w3e]]>
              </value>
            </param>
          </params>
          <reporter-output>
          </reporter-output>
        </test-method> <!-- invalidlogin -->
        <test-method is-config="true" signature="endbrowser()[pri:0, instance:TestCases.LoginTest@1fa268de]" started-at="2022-07-23T21:01:11 IST" name="endbrowser" finished-at="2022-07-23T21:01:11 IST" duration-ms="47" status="PASS">
          <reporter-output>
          </reporter-output>
        </test-method> <!-- endbrowser -->
        <test-method is-config="true" signature="firstCall()[pri:0, instance:TestCases.LoginTest@1fa268de]" started-at="2022-07-23T21:01:11 IST" name="firstCall" finished-at="2022-07-23T21:01:22 IST" duration-ms="11050" status="PASS">
          <reporter-output>
          </reporter-output>
        </test-method> <!-- firstCall -->
        <test-method signature="invalidlogin2(java.lang.String,java.lang.String)[pri:2, instance:TestCases.LoginTest@1fa268de]" started-at="2022-07-23T21:01:22 IST" name="invalidlogin2" finished-at="2022-07-23T21:01:23 IST" duration-ms="925" status="PASS">
          <params>
            <param index="0">
              <value>
                <![CDATA[carol123]]>
              </value>
            </param>
            <param index="1">
              <value>
                <![CDATA[1q2w3e4r]]>
              </value>
            </param>
          </params>
          <reporter-output>
          </reporter-output>
        </test-method> <!-- invalidlogin2 -->
        <test-method is-config="true" signature="pageObjects()[pri:0, instance:TestCases.LoginTest@1fa268de]" started-at="2022-07-23T21:01:22 IST" name="pageObjects" finished-at="2022-07-23T21:01:22 IST" duration-ms="0" status="PASS">
          <reporter-output>
          </reporter-output>
        </test-method> <!-- pageObjects -->
        <test-method is-config="true" signature="endbrowser()[pri:0, instance:TestCases.LoginTest@1fa268de]" started-at="2022-07-23T21:01:23 IST" name="endbrowser" finished-at="2022-07-23T21:01:23 IST" duration-ms="44" status="PASS">
          <reporter-output>
          </reporter-output>
        </test-method> <!-- endbrowser -->
        <test-method is-config="true" signature="firstCall()[pri:0, instance:TestCases.LoginTest@1fa268de]" started-at="2022-07-23T21:01:23 IST" name="firstCall" finished-at="2022-07-23T21:01:34 IST" duration-ms="11108" status="PASS">
          <reporter-output>
          </reporter-output>
        </test-method> <!-- firstCall -->
        <test-method signature="invalidlogin3()[pri:3, instance:TestCases.LoginTest@1fa268de]" started-at="2022-07-23T21:01:34 IST" name="invalidlogin3" finished-at="2022-07-23T21:01:35 IST" duration-ms="1536" status="PASS">
          <reporter-output>
          </reporter-output>
        </test-method> <!-- invalidlogin3 -->
        <test-method is-config="true" signature="pageObjects()[pri:0, instance:TestCases.LoginTest@1fa268de]" started-at="2022-07-23T21:01:34 IST" name="pageObjects" finished-at="2022-07-23T21:01:34 IST" duration-ms="0" status="PASS">
          <reporter-output>
          </reporter-output>
        </test-method> <!-- pageObjects -->
        <test-method is-config="true" signature="endbrowser()[pri:0, instance:TestCases.LoginTest@1fa268de]" started-at="2022-07-23T21:01:35 IST" name="endbrowser" finished-at="2022-07-23T21:01:35 IST" duration-ms="46" status="PASS">
          <reporter-output>
          </reporter-output>
        </test-method> <!-- endbrowser -->
        <test-method is-config="true" signature="firstCall()[pri:0, instance:TestCases.LoginTest@1fa268de]" started-at="2022-07-23T21:01:35 IST" name="firstCall" finished-at="2022-07-23T21:01:46 IST" duration-ms="10861" status="PASS">
          <reporter-output>
          </reporter-output>
        </test-method> <!-- firstCall -->
        <test-method is-config="true" signature="pageObjects()[pri:0, instance:TestCases.LoginTest@1fa268de]" started-at="2022-07-23T21:01:46 IST" name="pageObjects" finished-at="2022-07-23T21:01:46 IST" duration-ms="1" status="PASS">
          <reporter-output>
          </reporter-output>
        </test-method> <!-- pageObjects -->
        <test-method signature="invalidloginblank()[pri:4, instance:TestCases.LoginTest@1fa268de]" started-at="2022-07-23T21:01:46 IST" name="invalidloginblank" finished-at="2022-07-23T21:01:47 IST" duration-ms="692" status="PASS">
          <reporter-output>
          </reporter-output>
        </test-method> <!-- invalidloginblank -->
        <test-method is-config="true" signature="endbrowser()[pri:0, instance:TestCases.LoginTest@1fa268de]" started-at="2022-07-23T21:01:47 IST" name="endbrowser" finished-at="2022-07-23T21:01:47 IST" duration-ms="42" status="PASS">
          <reporter-output>
          </reporter-output>
        </test-method> <!-- endbrowser -->
        <test-method is-config="true" signature="firstCall()[pri:0, instance:TestCases.LoginTest@1fa268de]" started-at="2022-07-23T21:01:47 IST" name="firstCall" finished-at="2022-07-23T21:01:58 IST" duration-ms="10867" status="PASS">
          <reporter-output>
          </reporter-output>
        </test-method> <!-- firstCall -->
        <test-method is-config="true" signature="pageObjects()[pri:0, instance:TestCases.LoginTest@1fa268de]" started-at="2022-07-23T21:01:58 IST" name="pageObjects" finished-at="2022-07-23T21:01:58 IST" duration-ms="0" status="PASS">
          <reporter-output>
          </reporter-output>
        </test-method> <!-- pageObjects -->
        <test-method signature="invalidloginblankuser()[pri:5, instance:TestCases.LoginTest@1fa268de]" started-at="2022-07-23T21:01:58 IST" name="invalidloginblankuser" finished-at="2022-07-23T21:01:59 IST" duration-ms="867" status="PASS">
          <reporter-output>
          </reporter-output>
        </test-method> <!-- invalidloginblankuser -->
        <test-method is-config="true" signature="endbrowser()[pri:0, instance:TestCases.LoginTest@1fa268de]" started-at="2022-07-23T21:01:59 IST" name="endbrowser" finished-at="2022-07-23T21:01:59 IST" duration-ms="45" status="PASS">
          <reporter-output>
          </reporter-output>
        </test-method> <!-- endbrowser -->
        <test-method is-config="true" signature="firstCall()[pri:0, instance:TestCases.LoginTest@1fa268de]" started-at="2022-07-23T21:01:59 IST" name="firstCall" finished-at="2022-07-23T21:02:10 IST" duration-ms="10864" status="PASS">
          <reporter-output>
          </reporter-output>
        </test-method> <!-- firstCall -->
        <test-method is-config="true" signature="pageObjects()[pri:0, instance:TestCases.LoginTest@1fa268de]" started-at="2022-07-23T21:02:10 IST" name="pageObjects" finished-at="2022-07-23T21:02:10 IST" duration-ms="1" status="PASS">
          <reporter-output>
          </reporter-output>
        </test-method> <!-- pageObjects -->
        <test-method signature="invalidloginblankpass()[pri:6, instance:TestCases.LoginTest@1fa268de]" started-at="2022-07-23T21:02:10 IST" name="invalidloginblankpass" finished-at="2022-07-23T21:02:10 IST" duration-ms="893" status="PASS">
          <reporter-output>
          </reporter-output>
        </test-method> <!-- invalidloginblankpass -->
        <test-method is-config="true" signature="endbrowser()[pri:0, instance:TestCases.LoginTest@1fa268de]" started-at="2022-07-23T21:02:10 IST" name="endbrowser" finished-at="2022-07-23T21:02:10 IST" duration-ms="45" status="PASS">
          <reporter-output>
          </reporter-output>
        </test-method> <!-- endbrowser -->
        <test-method is-config="true" signature="firstCall()[pri:0, instance:TestCases.LoginTest@1fa268de]" started-at="2022-07-23T21:02:10 IST" name="firstCall" finished-at="2022-07-23T21:02:21 IST" duration-ms="10898" status="PASS">
          <reporter-output>
          </reporter-output>
        </test-method> <!-- firstCall -->
        <test-method signature="resetlink()[pri:7, instance:TestCases.LoginTest@1fa268de]" started-at="2022-07-23T21:02:21 IST" name="resetlink" finished-at="2022-07-23T21:02:22 IST" duration-ms="686" status="PASS">
          <reporter-output>
          </reporter-output>
        </test-method> <!-- resetlink -->
        <test-method is-config="true" signature="pageObjects()[pri:0, instance:TestCases.LoginTest@1fa268de]" started-at="2022-07-23T21:02:21 IST" name="pageObjects" finished-at="2022-07-23T21:02:21 IST" duration-ms="0" status="PASS">
          <reporter-output>
          </reporter-output>
        </test-method> <!-- pageObjects -->
        <test-method is-config="true" signature="endbrowser()[pri:0, instance:TestCases.LoginTest@1fa268de]" started-at="2022-07-23T21:02:22 IST" name="endbrowser" finished-at="2022-07-23T21:02:22 IST" duration-ms="44" status="PASS">
          <reporter-output>
          </reporter-output>
        </test-method> <!-- endbrowser -->
        <test-method is-config="true" signature="EndGame()[pri:0, instance:TestCases.LoginTest@1fa268de]" started-at="2022-07-23T21:05:18 IST" name="EndGame" finished-at="2022-07-23T21:05:19 IST" duration-ms="321" status="PASS">
          <reporter-output>
          </reporter-output>
        </test-method> <!-- EndGame -->
      </class> <!-- TestCases.LoginTest -->
      <class name="TestCases.TimesheetTest">
        <test-method is-config="true" signature="firstCall()[pri:0, instance:TestCases.TimesheetTest@dd8ba08]" started-at="2022-07-23T21:03:53 IST" name="firstCall" finished-at="2022-07-23T21:04:04 IST" duration-ms="11352" status="PASS">
          <reporter-output>
          </reporter-output>
        </test-method> <!-- firstCall -->
        <test-method is-config="true" signature="pageObjects()[pri:0, instance:TestCases.TimesheetTest@dd8ba08]" started-at="2022-07-23T21:04:04 IST" name="pageObjects" finished-at="2022-07-23T21:04:04 IST" duration-ms="5" status="PASS">
          <reporter-output>
          </reporter-output>
        </test-method> <!-- pageObjects -->
        <test-method signature="clickPending()[pri:0, instance:TestCases.TimesheetTest@dd8ba08]" started-at="2022-07-23T21:04:04 IST" name="clickPending" finished-at="2022-07-23T21:04:08 IST" duration-ms="3550" status="PASS">
          <reporter-output>
          </reporter-output>
        </test-method> <!-- clickPending -->
        <test-method is-config="true" signature="endbrowser()[pri:0, instance:TestCases.TimesheetTest@dd8ba08]" started-at="2022-07-23T21:04:08 IST" name="endbrowser" finished-at="2022-07-23T21:04:08 IST" duration-ms="44" status="PASS">
          <reporter-output>
          </reporter-output>
        </test-method> <!-- endbrowser -->
        <test-method is-config="true" signature="firstCall()[pri:0, instance:TestCases.TimesheetTest@dd8ba08]" started-at="2022-07-23T21:04:08 IST" name="firstCall" finished-at="2022-07-23T21:04:18 IST" duration-ms="10826" status="PASS">
          <reporter-output>
          </reporter-output>
        </test-method> <!-- firstCall -->
        <test-method is-config="true" signature="pageObjects()[pri:0, instance:TestCases.TimesheetTest@dd8ba08]" started-at="2022-07-23T21:04:18 IST" name="pageObjects" finished-at="2022-07-23T21:04:18 IST" duration-ms="0" status="PASS">
          <reporter-output>
          </reporter-output>
        </test-method> <!-- pageObjects -->
        <test-method signature="eyeclick()[pri:0, instance:TestCases.TimesheetTest@dd8ba08]" started-at="2022-07-23T21:04:18 IST" name="eyeclick" finished-at="2022-07-23T21:04:22 IST" duration-ms="3148" status="PASS">
          <reporter-output>
          </reporter-output>
        </test-method> <!-- eyeclick -->
        <test-method is-config="true" signature="endbrowser()[pri:0, instance:TestCases.TimesheetTest@dd8ba08]" started-at="2022-07-23T21:04:22 IST" name="endbrowser" finished-at="2022-07-23T21:04:22 IST" duration-ms="41" status="PASS">
          <reporter-output>
          </reporter-output>
        </test-method> <!-- endbrowser -->
        <test-method is-config="true" signature="firstCall()[pri:0, instance:TestCases.TimesheetTest@dd8ba08]" started-at="2022-07-23T21:04:22 IST" name="firstCall" finished-at="2022-07-23T21:04:32 IST" duration-ms="10821" status="PASS">
          <reporter-output>
          </reporter-output>
        </test-method> <!-- firstCall -->
        <test-method is-config="true" signature="pageObjects()[pri:0, instance:TestCases.TimesheetTest@dd8ba08]" started-at="2022-07-23T21:04:32 IST" name="pageObjects" finished-at="2022-07-23T21:04:32 IST" duration-ms="1" status="PASS">
          <reporter-output>
          </reporter-output>
        </test-method> <!-- pageObjects -->
        <test-method signature="geninvoice()[pri:0, instance:TestCases.TimesheetTest@dd8ba08]" started-at="2022-07-23T21:04:32 IST" name="geninvoice" finished-at="2022-07-23T21:04:35 IST" duration-ms="2727" status="PASS">
          <reporter-output>
          </reporter-output>
        </test-method> <!-- geninvoice -->
        <test-method is-config="true" signature="endbrowser()[pri:0, instance:TestCases.TimesheetTest@dd8ba08]" started-at="2022-07-23T21:04:35 IST" name="endbrowser" finished-at="2022-07-23T21:04:35 IST" duration-ms="53" status="PASS">
          <reporter-output>
          </reporter-output>
        </test-method> <!-- endbrowser -->
        <test-method is-config="true" signature="firstCall()[pri:0, instance:TestCases.TimesheetTest@dd8ba08]" started-at="2022-07-23T21:04:35 IST" name="firstCall" finished-at="2022-07-23T21:04:46 IST" duration-ms="10838" status="PASS">
          <reporter-output>
          </reporter-output>
        </test-method> <!-- firstCall -->
        <test-method is-config="true" signature="pageObjects()[pri:0, instance:TestCases.TimesheetTest@dd8ba08]" started-at="2022-07-23T21:04:46 IST" name="pageObjects" finished-at="2022-07-23T21:04:46 IST" duration-ms="0" status="PASS">
          <reporter-output>
          </reporter-output>
        </test-method> <!-- pageObjects -->
        <test-method signature="genpayslip()[pri:0, instance:TestCases.TimesheetTest@dd8ba08]" started-at="2022-07-23T21:04:46 IST" name="genpayslip" finished-at="2022-07-23T21:04:49 IST" duration-ms="2765" status="PASS">
          <reporter-output>
          </reporter-output>
        </test-method> <!-- genpayslip -->
        <test-method is-config="true" signature="endbrowser()[pri:0, instance:TestCases.TimesheetTest@dd8ba08]" started-at="2022-07-23T21:04:49 IST" name="endbrowser" finished-at="2022-07-23T21:04:49 IST" duration-ms="46" status="PASS">
          <reporter-output>
          </reporter-output>
        </test-method> <!-- endbrowser -->
        <test-method is-config="true" signature="firstCall()[pri:0, instance:TestCases.TimesheetTest@dd8ba08]" started-at="2022-07-23T21:04:49 IST" name="firstCall" finished-at="2022-07-23T21:05:00 IST" duration-ms="10807" status="PASS">
          <reporter-output>
          </reporter-output>
        </test-method> <!-- firstCall -->
        <test-method is-config="true" signature="pageObjects()[pri:0, instance:TestCases.TimesheetTest@dd8ba08]" started-at="2022-07-23T21:05:00 IST" name="pageObjects" finished-at="2022-07-23T21:05:00 IST" duration-ms="0" status="PASS">
          <reporter-output>
          </reporter-output>
        </test-method> <!-- pageObjects -->
        <test-method signature="pencilclick()[pri:0, instance:TestCases.TimesheetTest@dd8ba08]" started-at="2022-07-23T21:05:00 IST" name="pencilclick" finished-at="2022-07-23T21:05:04 IST" duration-ms="4079" status="PASS">
          <reporter-output>
          </reporter-output>
        </test-method> <!-- pencilclick -->
        <test-method is-config="true" signature="endbrowser()[pri:0, instance:TestCases.TimesheetTest@dd8ba08]" started-at="2022-07-23T21:05:04 IST" name="endbrowser" finished-at="2022-07-23T21:05:04 IST" duration-ms="42" status="PASS">
          <reporter-output>
          </reporter-output>
        </test-method> <!-- endbrowser -->
        <test-method is-config="true" signature="firstCall()[pri:0, instance:TestCases.TimesheetTest@dd8ba08]" started-at="2022-07-23T21:05:04 IST" name="firstCall" finished-at="2022-07-23T21:05:15 IST" duration-ms="11067" status="PASS">
          <reporter-output>
          </reporter-output>
        </test-method> <!-- firstCall -->
        <test-method is-config="true" signature="pageObjects()[pri:0, instance:TestCases.TimesheetTest@dd8ba08]" started-at="2022-07-23T21:05:15 IST" name="pageObjects" finished-at="2022-07-23T21:05:15 IST" duration-ms="0" status="PASS">
          <reporter-output>
          </reporter-output>
        </test-method> <!-- pageObjects -->
        <test-method signature="tsascend()[pri:0, instance:TestCases.TimesheetTest@dd8ba08]" started-at="2022-07-23T21:05:15 IST" name="tsascend" finished-at="2022-07-23T21:05:18 IST" duration-ms="3310" status="PASS">
          <reporter-output>
          </reporter-output>
        </test-method> <!-- tsascend -->
        <test-method is-config="true" signature="endbrowser()[pri:0, instance:TestCases.TimesheetTest@dd8ba08]" started-at="2022-07-23T21:05:18 IST" name="endbrowser" finished-at="2022-07-23T21:05:18 IST" duration-ms="42" status="PASS">
          <reporter-output>
          </reporter-output>
        </test-method> <!-- endbrowser -->
      </class> <!-- TestCases.TimesheetTest -->
      <class name="TestCases.HomeTest">
        <test-method is-config="true" signature="firstCall()[pri:0, instance:TestCases.HomeTest@37afeb11]" started-at="2022-07-23T21:02:22 IST" name="firstCall" finished-at="2022-07-23T21:02:33 IST" duration-ms="10838" status="PASS">
          <reporter-output>
          </reporter-output>
        </test-method> <!-- firstCall -->
        <test-method is-config="true" signature="pageObjects()[pri:0, instance:TestCases.HomeTest@37afeb11]" started-at="2022-07-23T21:02:33 IST" name="pageObjects" finished-at="2022-07-23T21:02:33 IST" duration-ms="0" status="PASS">
          <reporter-output>
          </reporter-output>
        </test-method> <!-- pageObjects -->
        <test-method signature="deductionclick()[pri:0, instance:TestCases.HomeTest@37afeb11]" started-at="2022-07-23T21:02:33 IST" name="deductionclick" finished-at="2022-07-23T21:02:36 IST" duration-ms="2699" status="PASS">
          <reporter-output>
          </reporter-output>
        </test-method> <!-- deductionclick -->
        <test-method is-config="true" signature="endbrowser()[pri:0, instance:TestCases.HomeTest@37afeb11]" started-at="2022-07-23T21:02:36 IST" name="endbrowser" finished-at="2022-07-23T21:02:36 IST" duration-ms="42" status="PASS">
          <reporter-output>
          </reporter-output>
        </test-method> <!-- endbrowser -->
        <test-method is-config="true" signature="firstCall()[pri:0, instance:TestCases.HomeTest@37afeb11]" started-at="2022-07-23T21:02:36 IST" name="firstCall" finished-at="2022-07-23T21:02:47 IST" duration-ms="10813" status="PASS">
          <reporter-output>
          </reporter-output>
        </test-method> <!-- firstCall -->
        <test-method is-config="true" signature="pageObjects()[pri:0, instance:TestCases.HomeTest@37afeb11]" started-at="2022-07-23T21:02:47 IST" name="pageObjects" finished-at="2022-07-23T21:02:47 IST" duration-ms="1" status="PASS">
          <reporter-output>
          </reporter-output>
        </test-method> <!-- pageObjects -->
        <test-method signature="logout()[pri:0, instance:TestCases.HomeTest@37afeb11]" started-at="2022-07-23T21:02:47 IST" name="logout" finished-at="2022-07-23T21:02:49 IST" duration-ms="2706" status="PASS">
          <reporter-output>
          </reporter-output>
        </test-method> <!-- logout -->
        <test-method is-config="true" signature="endbrowser()[pri:0, instance:TestCases.HomeTest@37afeb11]" started-at="2022-07-23T21:02:49 IST" name="endbrowser" finished-at="2022-07-23T21:02:49 IST" duration-ms="42" status="PASS">
          <reporter-output>
          </reporter-output>
        </test-method> <!-- endbrowser -->
      </class> <!-- TestCases.HomeTest -->
      <class name="TestCases.DeductionTest">
        <test-method is-config="true" signature="firstCall()[pri:0, instance:TestCases.DeductionTest@515aebb0]" started-at="2022-07-23T21:02:49 IST" name="firstCall" finished-at="2022-07-23T21:03:00 IST" duration-ms="10806" status="PASS">
          <reporter-output>
          </reporter-output>
        </test-method> <!-- firstCall -->
        <test-method is-config="true" signature="pageObjects()[pri:0, instance:TestCases.DeductionTest@515aebb0]" started-at="2022-07-23T21:03:00 IST" name="pageObjects" finished-at="2022-07-23T21:03:00 IST" duration-ms="4" status="PASS">
          <reporter-output>
          </reporter-output>
        </test-method> <!-- pageObjects -->
        <test-method signature="clickPencil()[pri:0, instance:TestCases.DeductionTest@515aebb0]" started-at="2022-07-23T21:03:00 IST" name="clickPencil" finished-at="2022-07-23T21:03:05 IST" duration-ms="4666" status="PASS">
          <reporter-output>
          </reporter-output>
        </test-method> <!-- clickPencil -->
        <test-method is-config="true" signature="endbrowser()[pri:0, instance:TestCases.DeductionTest@515aebb0]" started-at="2022-07-23T21:03:05 IST" name="endbrowser" finished-at="2022-07-23T21:03:05 IST" duration-ms="41" status="PASS">
          <reporter-output>
          </reporter-output>
        </test-method> <!-- endbrowser -->
        <test-method is-config="true" signature="firstCall()[pri:0, instance:TestCases.DeductionTest@515aebb0]" started-at="2022-07-23T21:03:05 IST" name="firstCall" finished-at="2022-07-23T21:03:16 IST" duration-ms="10940" status="PASS">
          <reporter-output>
          </reporter-output>
        </test-method> <!-- firstCall -->
        <test-method signature="clickeye()[pri:0, instance:TestCases.DeductionTest@515aebb0]" started-at="2022-07-23T21:03:16 IST" name="clickeye" finished-at="2022-07-23T21:03:19 IST" duration-ms="3538" status="PASS">
          <reporter-output>
          </reporter-output>
        </test-method> <!-- clickeye -->
        <test-method is-config="true" signature="pageObjects()[pri:0, instance:TestCases.DeductionTest@515aebb0]" started-at="2022-07-23T21:03:16 IST" name="pageObjects" finished-at="2022-07-23T21:03:16 IST" duration-ms="0" status="PASS">
          <reporter-output>
          </reporter-output>
        </test-method> <!-- pageObjects -->
        <test-method is-config="true" signature="endbrowser()[pri:0, instance:TestCases.DeductionTest@515aebb0]" started-at="2022-07-23T21:03:19 IST" name="endbrowser" finished-at="2022-07-23T21:03:19 IST" duration-ms="43" status="PASS">
          <reporter-output>
          </reporter-output>
        </test-method> <!-- endbrowser -->
        <test-method is-config="true" signature="firstCall()[pri:0, instance:TestCases.DeductionTest@515aebb0]" started-at="2022-07-23T21:03:19 IST" name="firstCall" finished-at="2022-07-23T21:03:30 IST" duration-ms="11037" status="PASS">
          <reporter-output>
          </reporter-output>
        </test-method> <!-- firstCall -->
        <test-method is-config="true" signature="pageObjects()[pri:0, instance:TestCases.DeductionTest@515aebb0]" started-at="2022-07-23T21:03:30 IST" name="pageObjects" finished-at="2022-07-23T21:03:30 IST" duration-ms="1" status="PASS">
          <reporter-output>
          </reporter-output>
        </test-method> <!-- pageObjects -->
        <test-method signature="create_deduction()[pri:0, instance:TestCases.DeductionTest@515aebb0]" started-at="2022-07-23T21:03:30 IST" name="create_deduction" finished-at="2022-07-23T21:03:37 IST" duration-ms="6193" status="PASS">
          <reporter-output>
          </reporter-output>
        </test-method> <!-- create_deduction -->
        <test-method is-config="true" signature="endbrowser()[pri:0, instance:TestCases.DeductionTest@515aebb0]" started-at="2022-07-23T21:03:37 IST" name="endbrowser" finished-at="2022-07-23T21:03:37 IST" duration-ms="42" status="PASS">
          <reporter-output>
          </reporter-output>
        </test-method> <!-- endbrowser -->
        <test-method is-config="true" signature="firstCall()[pri:0, instance:TestCases.DeductionTest@515aebb0]" started-at="2022-07-23T21:03:37 IST" name="firstCall" finished-at="2022-07-23T21:03:47 IST" duration-ms="10887" status="PASS">
          <reporter-output>
          </reporter-output>
        </test-method> <!-- firstCall -->
        <test-method signature="create_deduction_blank()[pri:0, instance:TestCases.DeductionTest@515aebb0]" started-at="2022-07-23T21:03:47 IST" name="create_deduction_blank" finished-at="2022-07-23T21:03:53 IST" duration-ms="5114" status="PASS">
          <reporter-output>
          </reporter-output>
        </test-method> <!-- create_deduction_blank -->
        <test-method is-config="true" signature="pageObjects()[pri:0, instance:TestCases.DeductionTest@515aebb0]" started-at="2022-07-23T21:03:47 IST" name="pageObjects" finished-at="2022-07-23T21:03:47 IST" duration-ms="0" status="PASS">
          <reporter-output>
          </reporter-output>
        </test-method> <!-- pageObjects -->
        <test-method is-config="true" signature="endbrowser()[pri:0, instance:TestCases.DeductionTest@515aebb0]" started-at="2022-07-23T21:03:53 IST" name="endbrowser" finished-at="2022-07-23T21:03:53 IST" duration-ms="43" status="PASS">
          <reporter-output>
          </reporter-output>
        </test-method> <!-- endbrowser -->
      </class> <!-- TestCases.DeductionTest -->
    </test> <!-- Test -->
  </suite> <!-- Suite -->
</testng-results>
